{"C:\\Users\\Denny\\3D Objects\\APPS\\Educore\\eScholr\\hooks\\useAnnouncements.ts": {"path":"C:\\Users\\Denny\\3D Objects\\APPS\\Educore\\eScholr\\hooks\\useAnnouncements.ts","statementMap":{"0":{"start":{"line":4,"column":11},"end":{"line":4,"column":26}},"1":{"start":{"line":45,"column":2},"end":{"line":57,"column":5}},"2":{"start":{"line":50,"column":30},"end":{"line":53,"column":8}},"3":{"start":{"line":54,"column":6},"end":{"line":54,"column":29}},"4":{"start":{"line":54,"column":17},"end":{"line":54,"column":29}},"5":{"start":{"line":55,"column":6},"end":{"line":55,"column":44}},"6":{"start":{"line":62,"column":2},"end":{"line":80,"column":5}},"7":{"start":{"line":67,"column":30},"end":{"line":70,"column":8}},"8":{"start":{"line":71,"column":6},"end":{"line":71,"column":29}},"9":{"start":{"line":71,"column":17},"end":{"line":71,"column":29}},"10":{"start":{"line":72,"column":18},"end":{"line":72,"column":48}},"11":{"start":{"line":73,"column":6},"end":{"line":73,"column":28}},"12":{"start":{"line":73,"column":17},"end":{"line":73,"column":28}},"13":{"start":{"line":74,"column":6},"end":{"line":78,"column":9}},"14":{"start":{"line":75,"column":8},"end":{"line":75,"column":54}},"15":{"start":{"line":75,"column":42},"end":{"line":75,"column":54}},"16":{"start":{"line":76,"column":8},"end":{"line":76,"column":72}},"17":{"start":{"line":76,"column":40},"end":{"line":76,"column":72}},"18":{"start":{"line":77,"column":8},"end":{"line":77,"column":20}},"19":{"start":{"line":84,"column":2},"end":{"line":96,"column":5}},"20":{"start":{"line":89,"column":30},"end":{"line":92,"column":30}},"21":{"start":{"line":93,"column":6},"end":{"line":93,"column":29}},"22":{"start":{"line":93,"column":17},"end":{"line":93,"column":29}},"23":{"start":{"line":94,"column":6},"end":{"line":94,"column":88}},"24":{"start":{"line":94,"column":58},"end":{"line":94,"column":85}},"25":{"start":{"line":102,"column":13},"end":{"line":102,"column":29}},"26":{"start":{"line":103,"column":2},"end":{"line":126,"column":5}},"27":{"start":{"line":105,"column":24},"end":{"line":119,"column":8}},"28":{"start":{"line":120,"column":6},"end":{"line":120,"column":29}},"29":{"start":{"line":120,"column":17},"end":{"line":120,"column":29}},"30":{"start":{"line":123,"column":6},"end":{"line":123,"column":76}},"31":{"start":{"line":124,"column":6},"end":{"line":124,"column":80}},"32":{"start":{"line":130,"column":13},"end":{"line":130,"column":29}},"33":{"start":{"line":131,"column":2},"end":{"line":140,"column":5}},"34":{"start":{"line":133,"column":24},"end":{"line":133,"column":102}},"35":{"start":{"line":134,"column":6},"end":{"line":134,"column":29}},"36":{"start":{"line":134,"column":17},"end":{"line":134,"column":29}},"37":{"start":{"line":137,"column":6},"end":{"line":137,"column":70}},"38":{"start":{"line":138,"column":6},"end":{"line":138,"column":74}},"39":{"start":{"line":144,"column":13},"end":{"line":144,"column":29}},"40":{"start":{"line":145,"column":2},"end":{"line":156,"column":5}},"41":{"start":{"line":147,"column":24},"end":{"line":150,"column":7}},"42":{"start":{"line":151,"column":6},"end":{"line":151,"column":29}},"43":{"start":{"line":151,"column":17},"end":{"line":151,"column":29}},"44":{"start":{"line":154,"column":6},"end":{"line":154,"column":73}},"45":{"start":{"line":172,"column":4},"end":{"line":174,"column":57}},"46":{"start":{"line":176,"column":2},"end":{"line":188,"column":36}}},"fnMap":{"0":{"name":"useAnnouncements","decl":{"start":{"line":44,"column":16},"end":{"line":44,"column":32}},"loc":{"start":{"line":44,"column":51},"end":{"line":58,"column":1}},"line":44},"1":{"name":"(anonymous_1)","decl":{"start":{"line":49,"column":13},"end":{"line":49,"column":14}},"loc":{"start":{"line":49,"column":25},"end":{"line":56,"column":5}},"line":49},"2":{"name":"useAnnouncementFeed","decl":{"start":{"line":61,"column":16},"end":{"line":61,"column":35}},"loc":{"start":{"line":61,"column":69},"end":{"line":81,"column":1}},"line":61},"3":{"name":"(anonymous_3)","decl":{"start":{"line":66,"column":13},"end":{"line":66,"column":14}},"loc":{"start":{"line":66,"column":25},"end":{"line":79,"column":5}},"line":66},"4":{"name":"(anonymous_4)","decl":{"start":{"line":74,"column":24},"end":{"line":74,"column":25}},"loc":{"start":{"line":74,"column":31},"end":{"line":78,"column":7}},"line":74},"5":{"name":"useReadAnnouncements","decl":{"start":{"line":83,"column":16},"end":{"line":83,"column":36}},"loc":{"start":{"line":83,"column":53},"end":{"line":97,"column":1}},"line":83},"6":{"name":"(anonymous_6)","decl":{"start":{"line":88,"column":13},"end":{"line":88,"column":14}},"loc":{"start":{"line":88,"column":25},"end":{"line":95,"column":5}},"line":88},"7":{"name":"(anonymous_7)","decl":{"start":{"line":94,"column":46},"end":{"line":94,"column":47}},"loc":{"start":{"line":94,"column":58},"end":{"line":94,"column":85}},"line":94},"8":{"name":"useCreateAnnouncement","decl":{"start":{"line":101,"column":16},"end":{"line":101,"column":37}},"loc":{"start":{"line":101,"column":40},"end":{"line":127,"column":1}},"line":101},"9":{"name":"(anonymous_9)","decl":{"start":{"line":104,"column":16},"end":{"line":104,"column":17}},"loc":{"start":{"line":104,"column":58},"end":{"line":121,"column":5}},"line":104},"10":{"name":"(anonymous_10)","decl":{"start":{"line":122,"column":15},"end":{"line":122,"column":16}},"loc":{"start":{"line":122,"column":29},"end":{"line":125,"column":5}},"line":122},"11":{"name":"useDeleteAnnouncement","decl":{"start":{"line":129,"column":16},"end":{"line":129,"column":37}},"loc":{"start":{"line":129,"column":56},"end":{"line":141,"column":1}},"line":129},"12":{"name":"(anonymous_12)","decl":{"start":{"line":132,"column":16},"end":{"line":132,"column":17}},"loc":{"start":{"line":132,"column":38},"end":{"line":135,"column":5}},"line":132},"13":{"name":"(anonymous_13)","decl":{"start":{"line":136,"column":15},"end":{"line":136,"column":16}},"loc":{"start":{"line":136,"column":21},"end":{"line":139,"column":5}},"line":136},"14":{"name":"useMarkAnnouncementRead","decl":{"start":{"line":143,"column":16},"end":{"line":143,"column":39}},"loc":{"start":{"line":143,"column":74},"end":{"line":157,"column":1}},"line":143},"15":{"name":"(anonymous_15)","decl":{"start":{"line":146,"column":16},"end":{"line":146,"column":17}},"loc":{"start":{"line":146,"column":50},"end":{"line":152,"column":5}},"line":146},"16":{"name":"(anonymous_16)","decl":{"start":{"line":153,"column":15},"end":{"line":153,"column":16}},"loc":{"start":{"line":153,"column":21},"end":{"line":155,"column":5}},"line":153},"17":{"name":"sendAnnouncementPush","decl":{"start":{"line":161,"column":22},"end":{"line":161,"column":42}},"loc":{"start":{"line":170,"column":3},"end":{"line":189,"column":1}},"line":170},"18":{"name":"(anonymous_18)","decl":{"start":{"line":188,"column":10},"end":{"line":188,"column":11}},"loc":{"start":{"line":188,"column":16},"end":{"line":188,"column":18}},"line":188},"19":{"name":"(anonymous_19)","decl":{"start":{"line":188,"column":26},"end":{"line":188,"column":27}},"loc":{"start":{"line":188,"column":32},"end":{"line":188,"column":34}},"line":188}},"branchMap":{"0":{"loc":{"start":{"line":54,"column":6},"end":{"line":54,"column":29}},"type":"if","locations":[{"start":{"line":54,"column":6},"end":{"line":54,"column":29}},{"start":{},"end":{}}],"line":54},"1":{"loc":{"start":{"line":55,"column":14},"end":{"line":55,"column":24}},"type":"binary-expr","locations":[{"start":{"line":55,"column":14},"end":{"line":55,"column":18}},{"start":{"line":55,"column":22},"end":{"line":55,"column":24}}],"line":55},"2":{"loc":{"start":{"line":71,"column":6},"end":{"line":71,"column":29}},"type":"if","locations":[{"start":{"line":71,"column":6},"end":{"line":71,"column":29}},{"start":{},"end":{}}],"line":71},"3":{"loc":{"start":{"line":72,"column":19},"end":{"line":72,"column":29}},"type":"binary-expr","locations":[{"start":{"line":72,"column":19},"end":{"line":72,"column":23}},{"start":{"line":72,"column":27},"end":{"line":72,"column":29}}],"line":72},"4":{"loc":{"start":{"line":73,"column":6},"end":{"line":73,"column":28}},"type":"if","locations":[{"start":{"line":73,"column":6},"end":{"line":73,"column":28}},{"start":{},"end":{}}],"line":73},"5":{"loc":{"start":{"line":75,"column":8},"end":{"line":75,"column":54}},"type":"if","locations":[{"start":{"line":75,"column":8},"end":{"line":75,"column":54}},{"start":{},"end":{}}],"line":75},"6":{"loc":{"start":{"line":76,"column":8},"end":{"line":76,"column":72}},"type":"if","locations":[{"start":{"line":76,"column":8},"end":{"line":76,"column":72}},{"start":{},"end":{}}],"line":76},"7":{"loc":{"start":{"line":93,"column":6},"end":{"line":93,"column":29}},"type":"if","locations":[{"start":{"line":93,"column":6},"end":{"line":93,"column":29}},{"start":{},"end":{}}],"line":93},"8":{"loc":{"start":{"line":94,"column":30},"end":{"line":94,"column":40}},"type":"binary-expr","locations":[{"start":{"line":94,"column":30},"end":{"line":94,"column":34}},{"start":{"line":94,"column":38},"end":{"line":94,"column":40}}],"line":94},"9":{"loc":{"start":{"line":111,"column":27},"end":{"line":111,"column":58}},"type":"binary-expr","locations":[{"start":{"line":111,"column":27},"end":{"line":111,"column":50}},{"start":{"line":111,"column":54},"end":{"line":111,"column":58}}],"line":111},"10":{"loc":{"start":{"line":112,"column":28},"end":{"line":112,"column":60}},"type":"binary-expr","locations":[{"start":{"line":112,"column":28},"end":{"line":112,"column":52}},{"start":{"line":112,"column":56},"end":{"line":112,"column":60}}],"line":112},"11":{"loc":{"start":{"line":113,"column":23},"end":{"line":113,"column":50}},"type":"binary-expr","locations":[{"start":{"line":113,"column":23},"end":{"line":113,"column":42}},{"start":{"line":113,"column":46},"end":{"line":113,"column":50}}],"line":113},"12":{"loc":{"start":{"line":114,"column":24},"end":{"line":114,"column":52}},"type":"binary-expr","locations":[{"start":{"line":114,"column":24},"end":{"line":114,"column":44}},{"start":{"line":114,"column":48},"end":{"line":114,"column":52}}],"line":114},"13":{"loc":{"start":{"line":115,"column":19},"end":{"line":115,"column":43}},"type":"binary-expr","locations":[{"start":{"line":115,"column":19},"end":{"line":115,"column":34}},{"start":{"line":115,"column":38},"end":{"line":115,"column":43}}],"line":115},"14":{"loc":{"start":{"line":116,"column":20},"end":{"line":116,"column":44}},"type":"binary-expr","locations":[{"start":{"line":116,"column":20},"end":{"line":116,"column":36}},{"start":{"line":116,"column":40},"end":{"line":116,"column":44}}],"line":116},"15":{"loc":{"start":{"line":120,"column":6},"end":{"line":120,"column":29}},"type":"if","locations":[{"start":{"line":120,"column":6},"end":{"line":120,"column":29}},{"start":{},"end":{}}],"line":120},"16":{"loc":{"start":{"line":134,"column":6},"end":{"line":134,"column":29}},"type":"if","locations":[{"start":{"line":134,"column":6},"end":{"line":134,"column":29}},{"start":{},"end":{}}],"line":134},"17":{"loc":{"start":{"line":151,"column":6},"end":{"line":151,"column":29}},"type":"if","locations":[{"start":{"line":151,"column":6},"end":{"line":151,"column":29}},{"start":{},"end":{}}],"line":151},"18":{"loc":{"start":{"line":172,"column":4},"end":{"line":174,"column":57}},"type":"cond-expr","locations":[{"start":{"line":172,"column":38},"end":{"line":172,"column":45}},{"start":{"line":173,"column":4},"end":{"line":174,"column":57}}],"line":172},"19":{"loc":{"start":{"line":173,"column":4},"end":{"line":174,"column":57}},"type":"cond-expr","locations":[{"start":{"line":173,"column":38},"end":{"line":173,"column":46}},{"start":{"line":174,"column":4},"end":{"line":174,"column":57}}],"line":173},"20":{"loc":{"start":{"line":174,"column":4},"end":{"line":174,"column":57}},"type":"cond-expr","locations":[{"start":{"line":174,"column":38},"end":{"line":174,"column":44}},{"start":{"line":174,"column":49},"end":{"line":174,"column":57}}],"line":174},"21":{"loc":{"start":{"line":180,"column":16},"end":{"line":180,"column":51}},"type":"binary-expr","locations":[{"start":{"line":180,"column":16},"end":{"line":180,"column":38}},{"start":{"line":180,"column":42},"end":{"line":180,"column":51}}],"line":180},"22":{"loc":{"start":{"line":181,"column":17},"end":{"line":181,"column":53}},"type":"binary-expr","locations":[{"start":{"line":181,"column":17},"end":{"line":181,"column":40}},{"start":{"line":181,"column":44},"end":{"line":181,"column":53}}],"line":181},"23":{"loc":{"start":{"line":182,"column":13},"end":{"line":182,"column":66}},"type":"cond-expr","locations":[{"start":{"line":182,"column":34},"end":{"line":182,"column":54}},{"start":{"line":182,"column":57},"end":{"line":182,"column":66}}],"line":182},"24":{"loc":{"start":{"line":186,"column":21},"end":{"line":186,"column":65}},"type":"binary-expr","locations":[{"start":{"line":186,"column":21},"end":{"line":186,"column":39}},{"start":{"line":186,"column":43},"end":{"line":186,"column":65}}],"line":186}},"s":{"0":1,"1":0,"2":0,"3":0,"4":0,"5":0,"6":0,"7":0,"8":0,"9":0,"10":0,"11":0,"12":0,"13":0,"14":0,"15":0,"16":0,"17":0,"18":0,"19":0,"20":0,"21":0,"22":0,"23":0,"24":0,"25":5,"26":5,"27":3,"28":3,"29":1,"30":2,"31":2,"32":0,"33":0,"34":0,"35":0,"36":0,"37":0,"38":0,"39":0,"40":0,"41":0,"42":0,"43":0,"44":0,"45":0,"46":0},"f":{"0":0,"1":0,"2":0,"3":0,"4":0,"5":0,"6":0,"7":0,"8":5,"9":3,"10":2,"11":0,"12":0,"13":0,"14":0,"15":0,"16":0,"17":0,"18":0,"19":0},"b":{"0":[0,0],"1":[0,0],"2":[0,0],"3":[0,0],"4":[0,0],"5":[0,0],"6":[0,0],"7":[0,0],"8":[0,0],"9":[3,3],"10":[3,2],"11":[3,3],"12":[3,3],"13":[3,3],"14":[3,3],"15":[1,2],"16":[0,0],"17":[0,0],"18":[0,0],"19":[0,0],"20":[0,0],"21":[0,0],"22":[0,0],"23":[0,0],"24":[0,0]},"_coverageSchema":"1a1c01bbd47fc00a2c39e90264f33305004495a9","hash":"d4022b77d979d38b2821999efd57c84dc3b89ca2"}
,"C:\\Users\\Denny\\3D Objects\\APPS\\Educore\\eScholr\\hooks\\useReports.ts": {"path":"C:\\Users\\Denny\\3D Objects\\APPS\\Educore\\eScholr\\hooks\\useReports.ts","statementMap":{"0":{"start":{"line":44,"column":144},"end":{"line":51,"column":1}},"1":{"start":{"line":56,"column":2},"end":{"line":100,"column":5}},"2":{"start":{"line":61,"column":17},"end":{"line":61,"column":32}},"3":{"start":{"line":62,"column":35},"end":{"line":68,"column":17}},"4":{"start":{"line":69,"column":6},"end":{"line":69,"column":96}},"5":{"start":{"line":69,"column":23},"end":{"line":69,"column":96}},"6":{"start":{"line":71,"column":41},"end":{"line":71,"column":51}},"7":{"start":{"line":72,"column":33},"end":{"line":77,"column":31}},"8":{"start":{"line":78,"column":25},"end":{"line":78,"column":63}},"9":{"start":{"line":78,"column":58},"end":{"line":78,"column":62}},"10":{"start":{"line":79,"column":6},"end":{"line":81,"column":7}},"11":{"start":{"line":80,"column":8},"end":{"line":80,"column":121}},"12":{"start":{"line":83,"column":30},"end":{"line":91,"column":49}},"13":{"start":{"line":92,"column":6},"end":{"line":92,"column":29}},"14":{"start":{"line":92,"column":17},"end":{"line":92,"column":29}},"15":{"start":{"line":93,"column":6},"end":{"line":98,"column":8}},"16":{"start":{"line":104,"column":2},"end":{"line":117,"column":5}},"17":{"start":{"line":109,"column":17},"end":{"line":109,"column":32}},"18":{"start":{"line":110,"column":23},"end":{"line":114,"column":54}},"19":{"start":{"line":115,"column":6},"end":{"line":115,"column":45}},"20":{"start":{"line":125,"column":2},"end":{"line":162,"column":5}},"21":{"start":{"line":130,"column":17},"end":{"line":130,"column":32}},"22":{"start":{"line":131,"column":54},"end":{"line":148,"column":8}},"23":{"start":{"line":149,"column":20},"end":{"line":149,"column":51}},"24":{"start":{"line":150,"column":33},"end":{"line":150,"column":58}},"25":{"start":{"line":151,"column":58},"end":{"line":151,"column":60}},"26":{"start":{"line":152,"column":6},"end":{"line":155,"column":9}},"27":{"start":{"line":153,"column":8},"end":{"line":153,"column":84}},"28":{"start":{"line":153,"column":43},"end":{"line":153,"column":84}},"29":{"start":{"line":154,"column":8},"end":{"line":154,"column":55}},"30":{"start":{"line":156,"column":6},"end":{"line":160,"column":10}},"31":{"start":{"line":156,"column":42},"end":{"line":160,"column":7}},"32":{"start":{"line":168,"column":2},"end":{"line":187,"column":5}},"33":{"start":{"line":173,"column":17},"end":{"line":173,"column":32}},"34":{"start":{"line":174,"column":14},"end":{"line":181,"column":19}},"35":{"start":{"line":182,"column":6},"end":{"line":182,"column":55}},"36":{"start":{"line":182,"column":28},"end":{"line":182,"column":55}},"37":{"start":{"line":183,"column":30},"end":{"line":183,"column":37}},"38":{"start":{"line":184,"column":6},"end":{"line":184,"column":29}},"39":{"start":{"line":184,"column":17},"end":{"line":184,"column":29}},"40":{"start":{"line":185,"column":6},"end":{"line":185,"column":58}},"41":{"start":{"line":191,"column":2},"end":{"line":207,"column":5}},"42":{"start":{"line":196,"column":17},"end":{"line":196,"column":32}},"43":{"start":{"line":197,"column":23},"end":{"line":200,"column":34}},"44":{"start":{"line":201,"column":45},"end":{"line":201,"column":47}},"45":{"start":{"line":202,"column":6},"end":{"line":204,"column":9}},"46":{"start":{"line":203,"column":8},"end":{"line":203,"column":55}},"47":{"start":{"line":205,"column":6},"end":{"line":205,"column":52}},"48":{"start":{"line":213,"column":2},"end":{"line":238,"column":5}},"49":{"start":{"line":218,"column":17},"end":{"line":218,"column":32}},"50":{"start":{"line":219,"column":30},"end":{"line":222,"column":35}},"51":{"start":{"line":223,"column":25},"end":{"line":223,"column":68}},"52":{"start":{"line":223,"column":55},"end":{"line":223,"column":67}},"53":{"start":{"line":224,"column":6},"end":{"line":224,"column":45}},"54":{"start":{"line":224,"column":35},"end":{"line":224,"column":45}},"55":{"start":{"line":226,"column":30},"end":{"line":234,"column":50}},"56":{"start":{"line":235,"column":6},"end":{"line":235,"column":29}},"57":{"start":{"line":235,"column":17},"end":{"line":235,"column":29}},"58":{"start":{"line":236,"column":6},"end":{"line":236,"column":58}},"59":{"start":{"line":244,"column":13},"end":{"line":244,"column":29}},"60":{"start":{"line":245,"column":2},"end":{"line":254,"column":5}},"61":{"start":{"line":247,"column":30},"end":{"line":249,"column":8}},"62":{"start":{"line":250,"column":6},"end":{"line":250,"column":29}},"63":{"start":{"line":250,"column":17},"end":{"line":250,"column":29}},"64":{"start":{"line":251,"column":6},"end":{"line":251,"column":69}},"65":{"start":{"line":253,"column":21},"end":{"line":253,"column":72}},"66":{"start":{"line":258,"column":13},"end":{"line":258,"column":29}},"67":{"start":{"line":259,"column":2},"end":{"line":311,"column":5}},"68":{"start":{"line":265,"column":17},"end":{"line":265,"column":32}},"69":{"start":{"line":268,"column":30},"end":{"line":276,"column":34}},"70":{"start":{"line":277,"column":6},"end":{"line":277,"column":27}},"71":{"start":{"line":277,"column":16},"end":{"line":277,"column":27}},"72":{"start":{"line":280,"column":31},"end":{"line":284,"column":17}},"73":{"start":{"line":286,"column":6},"end":{"line":300,"column":7}},"74":{"start":{"line":288,"column":8},"end":{"line":292,"column":37}},"75":{"start":{"line":295,"column":8},"end":{"line":299,"column":37}},"76":{"start":{"line":303,"column":6},"end":{"line":305,"column":40}},"77":{"start":{"line":308,"column":6},"end":{"line":308,"column":58}},"78":{"start":{"line":309,"column":6},"end":{"line":309,"column":60}},"79":{"start":{"line":315,"column":13},"end":{"line":315,"column":29}},"80":{"start":{"line":316,"column":2},"end":{"line":347,"column":5}},"81":{"start":{"line":318,"column":17},"end":{"line":318,"column":32}},"82":{"start":{"line":319,"column":24},"end":{"line":328,"column":34}},"83":{"start":{"line":329,"column":6},"end":{"line":329,"column":29}},"84":{"start":{"line":329,"column":17},"end":{"line":329,"column":29}},"85":{"start":{"line":332,"column":28},"end":{"line":336,"column":17}},"86":{"start":{"line":338,"column":6},"end":{"line":344,"column":9}},"87":{"start":{"line":346,"column":21},"end":{"line":346,"column":74}},"88":{"start":{"line":351,"column":13},"end":{"line":351,"column":29}},"89":{"start":{"line":352,"column":2},"end":{"line":363,"column":5}},"90":{"start":{"line":354,"column":24},"end":{"line":356,"column":8}},"91":{"start":{"line":357,"column":6},"end":{"line":357,"column":29}},"92":{"start":{"line":357,"column":17},"end":{"line":357,"column":29}},"93":{"start":{"line":360,"column":6},"end":{"line":360,"column":60}},"94":{"start":{"line":361,"column":6},"end":{"line":361,"column":66}},"95":{"start":{"line":381,"column":2},"end":{"line":423,"column":5}},"96":{"start":{"line":386,"column":17},"end":{"line":386,"column":32}},"97":{"start":{"line":389,"column":14},"end":{"line":398,"column":18}},"98":{"start":{"line":401,"column":6},"end":{"line":405,"column":7}},"99":{"start":{"line":402,"column":8},"end":{"line":402,"column":42}},"100":{"start":{"line":404,"column":8},"end":{"line":404,"column":56}},"101":{"start":{"line":407,"column":30},"end":{"line":407,"column":37}},"102":{"start":{"line":408,"column":6},"end":{"line":408,"column":29}},"103":{"start":{"line":408,"column":17},"end":{"line":408,"column":29}},"104":{"start":{"line":411,"column":19},"end":{"line":413,"column":7}},"105":{"start":{"line":412,"column":8},"end":{"line":412,"column":85}},"106":{"start":{"line":415,"column":6},"end":{"line":421,"column":10}},"107":{"start":{"line":415,"column":37},"end":{"line":421,"column":7}},"108":{"start":{"line":429,"column":2},"end":{"line":445,"column":4}}},"fnMap":{"0":{"name":"useHRTStreamReports","decl":{"start":{"line":55,"column":16},"end":{"line":55,"column":35}},"loc":{"start":{"line":55,"column":78},"end":{"line":101,"column":1}},"line":55},"1":{"name":"(anonymous_1)","decl":{"start":{"line":60,"column":13},"end":{"line":60,"column":14}},"loc":{"start":{"line":60,"column":25},"end":{"line":99,"column":5}},"line":60},"2":{"name":"(anonymous_2)","decl":{"start":{"line":78,"column":46},"end":{"line":78,"column":47}},"loc":{"start":{"line":78,"column":58},"end":{"line":78,"column":62}},"line":78},"3":{"name":"useReportVersions","decl":{"start":{"line":103,"column":16},"end":{"line":103,"column":33}},"loc":{"start":{"line":103,"column":59},"end":{"line":118,"column":1}},"line":103},"4":{"name":"(anonymous_4)","decl":{"start":{"line":108,"column":13},"end":{"line":108,"column":14}},"loc":{"start":{"line":108,"column":25},"end":{"line":116,"column":5}},"line":108},"5":{"name":"useMarksCompletionForStream","decl":{"start":{"line":120,"column":16},"end":{"line":120,"column":43}},"loc":{"start":{"line":124,"column":2},"end":{"line":163,"column":1}},"line":124},"6":{"name":"(anonymous_6)","decl":{"start":{"line":129,"column":13},"end":{"line":129,"column":14}},"loc":{"start":{"line":129,"column":25},"end":{"line":161,"column":5}},"line":129},"7":{"name":"(anonymous_7)","decl":{"start":{"line":152,"column":47},"end":{"line":152,"column":48}},"loc":{"start":{"line":152,"column":59},"end":{"line":155,"column":7}},"line":152},"8":{"name":"(anonymous_8)","decl":{"start":{"line":156,"column":29},"end":{"line":156,"column":30}},"loc":{"start":{"line":156,"column":42},"end":{"line":160,"column":7}},"line":156},"9":{"name":"useAdminReports","decl":{"start":{"line":167,"column":16},"end":{"line":167,"column":31}},"loc":{"start":{"line":167,"column":80},"end":{"line":188,"column":1}},"line":167},"10":{"name":"(anonymous_10)","decl":{"start":{"line":172,"column":13},"end":{"line":172,"column":14}},"loc":{"start":{"line":172,"column":25},"end":{"line":186,"column":5}},"line":172},"11":{"name":"useAdminReportCounts","decl":{"start":{"line":190,"column":16},"end":{"line":190,"column":36}},"loc":{"start":{"line":190,"column":55},"end":{"line":208,"column":1}},"line":190},"12":{"name":"(anonymous_12)","decl":{"start":{"line":195,"column":13},"end":{"line":195,"column":14}},"loc":{"start":{"line":195,"column":25},"end":{"line":206,"column":5}},"line":195},"13":{"name":"(anonymous_13)","decl":{"start":{"line":202,"column":38},"end":{"line":202,"column":39}},"loc":{"start":{"line":202,"column":50},"end":{"line":204,"column":7}},"line":202},"14":{"name":"useParentReports","decl":{"start":{"line":212,"column":16},"end":{"line":212,"column":32}},"loc":{"start":{"line":212,"column":76},"end":{"line":239,"column":1}},"line":212},"15":{"name":"(anonymous_15)","decl":{"start":{"line":217,"column":13},"end":{"line":217,"column":14}},"loc":{"start":{"line":217,"column":25},"end":{"line":237,"column":5}},"line":217},"16":{"name":"(anonymous_16)","decl":{"start":{"line":223,"column":43},"end":{"line":223,"column":44}},"loc":{"start":{"line":223,"column":55},"end":{"line":223,"column":67}},"line":223},"17":{"name":"useGenerateReportPDF","decl":{"start":{"line":243,"column":16},"end":{"line":243,"column":36}},"loc":{"start":{"line":243,"column":55},"end":{"line":255,"column":1}},"line":243},"18":{"name":"(anonymous_18)","decl":{"start":{"line":246,"column":16},"end":{"line":246,"column":17}},"loc":{"start":{"line":246,"column":79},"end":{"line":252,"column":5}},"line":246},"19":{"name":"(anonymous_19)","decl":{"start":{"line":253,"column":15},"end":{"line":253,"column":16}},"loc":{"start":{"line":253,"column":21},"end":{"line":253,"column":72}},"line":253},"20":{"name":"useApproveReport","decl":{"start":{"line":257,"column":16},"end":{"line":257,"column":32}},"loc":{"start":{"line":257,"column":51},"end":{"line":312,"column":1}},"line":257},"21":{"name":"(anonymous_21)","decl":{"start":{"line":260,"column":16},"end":{"line":260,"column":17}},"loc":{"start":{"line":264,"column":10},"end":{"line":306,"column":5}},"line":264},"22":{"name":"(anonymous_22)","decl":{"start":{"line":305,"column":14},"end":{"line":305,"column":15}},"loc":{"start":{"line":305,"column":20},"end":{"line":305,"column":22}},"line":305},"23":{"name":"(anonymous_23)","decl":{"start":{"line":305,"column":30},"end":{"line":305,"column":31}},"loc":{"start":{"line":305,"column":36},"end":{"line":305,"column":38}},"line":305},"24":{"name":"(anonymous_24)","decl":{"start":{"line":307,"column":15},"end":{"line":307,"column":16}},"loc":{"start":{"line":307,"column":21},"end":{"line":310,"column":5}},"line":307},"25":{"name":"useAdminApproveReport","decl":{"start":{"line":314,"column":16},"end":{"line":314,"column":37}},"loc":{"start":{"line":314,"column":56},"end":{"line":348,"column":1}},"line":314},"26":{"name":"(anonymous_26)","decl":{"start":{"line":317,"column":16},"end":{"line":317,"column":17}},"loc":{"start":{"line":317,"column":73},"end":{"line":345,"column":5}},"line":317},"27":{"name":"(anonymous_27)","decl":{"start":{"line":346,"column":15},"end":{"line":346,"column":16}},"loc":{"start":{"line":346,"column":21},"end":{"line":346,"column":74}},"line":346},"28":{"name":"useReleaseReports","decl":{"start":{"line":350,"column":16},"end":{"line":350,"column":33}},"loc":{"start":{"line":350,"column":52},"end":{"line":364,"column":1}},"line":350},"29":{"name":"(anonymous_29)","decl":{"start":{"line":353,"column":16},"end":{"line":353,"column":17}},"loc":{"start":{"line":353,"column":82},"end":{"line":358,"column":5}},"line":353},"30":{"name":"(anonymous_30)","decl":{"start":{"line":359,"column":15},"end":{"line":359,"column":16}},"loc":{"start":{"line":359,"column":21},"end":{"line":362,"column":5}},"line":359},"31":{"name":"useReportAuditLog","decl":{"start":{"line":376,"column":16},"end":{"line":376,"column":33}},"loc":{"start":{"line":380,"column":2},"end":{"line":424,"column":1}},"line":380},"32":{"name":"(anonymous_32)","decl":{"start":{"line":385,"column":13},"end":{"line":385,"column":14}},"loc":{"start":{"line":385,"column":25},"end":{"line":422,"column":5}},"line":385},"33":{"name":"(anonymous_33)","decl":{"start":{"line":411,"column":39},"end":{"line":411,"column":40}},"loc":{"start":{"line":412,"column":8},"end":{"line":412,"column":85}},"line":412},"34":{"name":"(anonymous_34)","decl":{"start":{"line":415,"column":22},"end":{"line":415,"column":23}},"loc":{"start":{"line":415,"column":37},"end":{"line":421,"column":7}},"line":415},"35":{"name":"normaliseReport","decl":{"start":{"line":428,"column":9},"end":{"line":428,"column":24}},"loc":{"start":{"line":428,"column":48},"end":{"line":446,"column":1}},"line":428}},"branchMap":{"0":{"loc":{"start":{"line":58,"column":13},"end":{"line":58,"column":36}},"type":"binary-expr","locations":[{"start":{"line":58,"column":13},"end":{"line":58,"column":22}},{"start":{"line":58,"column":26},"end":{"line":58,"column":36}}],"line":58},"1":{"loc":{"start":{"line":69,"column":6},"end":{"line":69,"column":96}},"type":"if","locations":[{"start":{"line":69,"column":6},"end":{"line":69,"column":96}},{"start":{},"end":{}}],"line":69},"2":{"loc":{"start":{"line":78,"column":26},"end":{"line":78,"column":40}},"type":"binary-expr","locations":[{"start":{"line":78,"column":26},"end":{"line":78,"column":34}},{"start":{"line":78,"column":38},"end":{"line":78,"column":40}}],"line":78},"3":{"loc":{"start":{"line":79,"column":6},"end":{"line":81,"column":7}},"type":"if","locations":[{"start":{"line":79,"column":6},"end":{"line":81,"column":7}},{"start":{},"end":{}}],"line":79},"4":{"loc":{"start":{"line":80,"column":88},"end":{"line":80,"column":118}},"type":"binary-expr","locations":[{"start":{"line":80,"column":88},"end":{"line":80,"column":112}},{"start":{"line":80,"column":116},"end":{"line":80,"column":118}}],"line":80},"5":{"loc":{"start":{"line":92,"column":6},"end":{"line":92,"column":29}},"type":"if","locations":[{"start":{"line":92,"column":6},"end":{"line":92,"column":29}},{"start":{},"end":{}}],"line":92},"6":{"loc":{"start":{"line":94,"column":19},"end":{"line":94,"column":29}},"type":"binary-expr","locations":[{"start":{"line":94,"column":19},"end":{"line":94,"column":23}},{"start":{"line":94,"column":27},"end":{"line":94,"column":29}}],"line":94},"7":{"loc":{"start":{"line":97,"column":20},"end":{"line":97,"column":50}},"type":"binary-expr","locations":[{"start":{"line":97,"column":20},"end":{"line":97,"column":44}},{"start":{"line":97,"column":48},"end":{"line":97,"column":50}}],"line":97},"8":{"loc":{"start":{"line":115,"column":14},"end":{"line":115,"column":24}},"type":"binary-expr","locations":[{"start":{"line":115,"column":14},"end":{"line":115,"column":18}},{"start":{"line":115,"column":22},"end":{"line":115,"column":24}}],"line":115},"9":{"loc":{"start":{"line":127,"column":13},"end":{"line":127,"column":53}},"type":"binary-expr","locations":[{"start":{"line":127,"column":13},"end":{"line":127,"column":23}},{"start":{"line":127,"column":27},"end":{"line":127,"column":39}},{"start":{"line":127,"column":43},"end":{"line":127,"column":53}}],"line":127},"10":{"loc":{"start":{"line":149,"column":21},"end":{"line":149,"column":43}},"type":"binary-expr","locations":[{"start":{"line":149,"column":21},"end":{"line":149,"column":37}},{"start":{"line":149,"column":41},"end":{"line":149,"column":43}}],"line":149},"11":{"loc":{"start":{"line":150,"column":33},"end":{"line":150,"column":58}},"type":"binary-expr","locations":[{"start":{"line":150,"column":33},"end":{"line":150,"column":52}},{"start":{"line":150,"column":56},"end":{"line":150,"column":58}}],"line":150},"12":{"loc":{"start":{"line":152,"column":8},"end":{"line":152,"column":27}},"type":"binary-expr","locations":[{"start":{"line":152,"column":8},"end":{"line":152,"column":21}},{"start":{"line":152,"column":25},"end":{"line":152,"column":27}}],"line":152},"13":{"loc":{"start":{"line":153,"column":8},"end":{"line":153,"column":84}},"type":"if","locations":[{"start":{"line":153,"column":8},"end":{"line":153,"column":84}},{"start":{},"end":{}}],"line":153},"14":{"loc":{"start":{"line":157,"column":21},"end":{"line":157,"column":53}},"type":"binary-expr","locations":[{"start":{"line":157,"column":21},"end":{"line":157,"column":37}},{"start":{"line":157,"column":41},"end":{"line":157,"column":53}}],"line":157},"15":{"loc":{"start":{"line":158,"column":17},"end":{"line":158,"column":56}},"type":"binary-expr","locations":[{"start":{"line":158,"column":17},"end":{"line":158,"column":51}},{"start":{"line":158,"column":55},"end":{"line":158,"column":56}}],"line":158},"16":{"loc":{"start":{"line":182,"column":6},"end":{"line":182,"column":55}},"type":"if","locations":[{"start":{"line":182,"column":6},"end":{"line":182,"column":55}},{"start":{},"end":{}}],"line":182},"17":{"loc":{"start":{"line":184,"column":6},"end":{"line":184,"column":29}},"type":"if","locations":[{"start":{"line":184,"column":6},"end":{"line":184,"column":29}},{"start":{},"end":{}}],"line":184},"18":{"loc":{"start":{"line":185,"column":15},"end":{"line":185,"column":25}},"type":"binary-expr","locations":[{"start":{"line":185,"column":15},"end":{"line":185,"column":19}},{"start":{"line":185,"column":23},"end":{"line":185,"column":25}}],"line":185},"19":{"loc":{"start":{"line":202,"column":8},"end":{"line":202,"column":18}},"type":"binary-expr","locations":[{"start":{"line":202,"column":8},"end":{"line":202,"column":12}},{"start":{"line":202,"column":16},"end":{"line":202,"column":18}}],"line":202},"20":{"loc":{"start":{"line":203,"column":28},"end":{"line":203,"column":49}},"type":"binary-expr","locations":[{"start":{"line":203,"column":28},"end":{"line":203,"column":44}},{"start":{"line":203,"column":48},"end":{"line":203,"column":49}}],"line":203},"21":{"loc":{"start":{"line":215,"column":13},"end":{"line":215,"column":37}},"type":"binary-expr","locations":[{"start":{"line":215,"column":13},"end":{"line":215,"column":23}},{"start":{"line":215,"column":27},"end":{"line":215,"column":37}}],"line":215},"22":{"loc":{"start":{"line":223,"column":26},"end":{"line":223,"column":37}},"type":"binary-expr","locations":[{"start":{"line":223,"column":26},"end":{"line":223,"column":31}},{"start":{"line":223,"column":35},"end":{"line":223,"column":37}}],"line":223},"23":{"loc":{"start":{"line":224,"column":6},"end":{"line":224,"column":45}},"type":"if","locations":[{"start":{"line":224,"column":6},"end":{"line":224,"column":45}},{"start":{},"end":{}}],"line":224},"24":{"loc":{"start":{"line":235,"column":6},"end":{"line":235,"column":29}},"type":"if","locations":[{"start":{"line":235,"column":6},"end":{"line":235,"column":29}},{"start":{},"end":{}}],"line":235},"25":{"loc":{"start":{"line":236,"column":15},"end":{"line":236,"column":25}},"type":"binary-expr","locations":[{"start":{"line":236,"column":15},"end":{"line":236,"column":19}},{"start":{"line":236,"column":23},"end":{"line":236,"column":25}}],"line":236},"26":{"loc":{"start":{"line":250,"column":6},"end":{"line":250,"column":29}},"type":"if","locations":[{"start":{"line":250,"column":6},"end":{"line":250,"column":29}},{"start":{},"end":{}}],"line":250},"27":{"loc":{"start":{"line":277,"column":6},"end":{"line":277,"column":27}},"type":"if","locations":[{"start":{"line":277,"column":6},"end":{"line":277,"column":27}},{"start":{},"end":{}}],"line":277},"28":{"loc":{"start":{"line":286,"column":6},"end":{"line":300,"column":7}},"type":"if","locations":[{"start":{"line":286,"column":6},"end":{"line":300,"column":7}},{"start":{},"end":{}}],"line":286},"29":{"loc":{"start":{"line":329,"column":6},"end":{"line":329,"column":29}},"type":"if","locations":[{"start":{"line":329,"column":6},"end":{"line":329,"column":29}},{"start":{},"end":{}}],"line":329},"30":{"loc":{"start":{"line":342,"column":20},"end":{"line":342,"column":43}},"type":"binary-expr","locations":[{"start":{"line":342,"column":20},"end":{"line":342,"column":35}},{"start":{"line":342,"column":39},"end":{"line":342,"column":43}}],"line":342},"31":{"loc":{"start":{"line":357,"column":6},"end":{"line":357,"column":29}},"type":"if","locations":[{"start":{"line":357,"column":6},"end":{"line":357,"column":29}},{"start":{},"end":{}}],"line":357},"32":{"loc":{"start":{"line":383,"column":13},"end":{"line":383,"column":37}},"type":"binary-expr","locations":[{"start":{"line":383,"column":13},"end":{"line":383,"column":23}},{"start":{"line":383,"column":27},"end":{"line":383,"column":37}}],"line":383},"33":{"loc":{"start":{"line":401,"column":6},"end":{"line":405,"column":7}},"type":"if","locations":[{"start":{"line":401,"column":6},"end":{"line":405,"column":7}},{"start":{"line":403,"column":13},"end":{"line":405,"column":7}}],"line":401},"34":{"loc":{"start":{"line":408,"column":6},"end":{"line":408,"column":29}},"type":"if","locations":[{"start":{"line":408,"column":6},"end":{"line":408,"column":29}},{"start":{},"end":{}}],"line":408},"35":{"loc":{"start":{"line":411,"column":20},"end":{"line":411,"column":30}},"type":"binary-expr","locations":[{"start":{"line":411,"column":20},"end":{"line":411,"column":24}},{"start":{"line":411,"column":28},"end":{"line":411,"column":30}}],"line":411},"36":{"loc":{"start":{"line":412,"column":8},"end":{"line":412,"column":85}},"type":"binary-expr","locations":[{"start":{"line":412,"column":8},"end":{"line":412,"column":18}},{"start":{"line":412,"column":22},"end":{"line":412,"column":54}},{"start":{"line":412,"column":58},"end":{"line":412,"column":85}}],"line":412},"37":{"loc":{"start":{"line":418,"column":20},"end":{"line":418,"column":48}},"type":"binary-expr","locations":[{"start":{"line":418,"column":20},"end":{"line":418,"column":40}},{"start":{"line":418,"column":44},"end":{"line":418,"column":48}}],"line":418},"38":{"loc":{"start":{"line":420,"column":14},"end":{"line":420,"column":30}},"type":"binary-expr","locations":[{"start":{"line":420,"column":14},"end":{"line":420,"column":22}},{"start":{"line":420,"column":26},"end":{"line":420,"column":30}}],"line":420},"39":{"loc":{"start":{"line":432,"column":17},"end":{"line":432,"column":38}},"type":"binary-expr","locations":[{"start":{"line":432,"column":17},"end":{"line":432,"column":30}},{"start":{"line":432,"column":34},"end":{"line":432,"column":38}}],"line":432},"40":{"loc":{"start":{"line":433,"column":24},"end":{"line":433,"column":52}},"type":"binary-expr","locations":[{"start":{"line":433,"column":24},"end":{"line":433,"column":44}},{"start":{"line":433,"column":48},"end":{"line":433,"column":52}}],"line":433},"41":{"loc":{"start":{"line":434,"column":20},"end":{"line":434,"column":44}},"type":"binary-expr","locations":[{"start":{"line":434,"column":20},"end":{"line":434,"column":36}},{"start":{"line":434,"column":40},"end":{"line":434,"column":44}}],"line":434},"42":{"loc":{"start":{"line":435,"column":13},"end":{"line":435,"column":30}},"type":"binary-expr","locations":[{"start":{"line":435,"column":13},"end":{"line":435,"column":22}},{"start":{"line":435,"column":26},"end":{"line":435,"column":30}}],"line":435},"43":{"loc":{"start":{"line":436,"column":17},"end":{"line":436,"column":38}},"type":"binary-expr","locations":[{"start":{"line":436,"column":17},"end":{"line":436,"column":30}},{"start":{"line":436,"column":34},"end":{"line":436,"column":38}}],"line":436},"44":{"loc":{"start":{"line":439,"column":10},"end":{"line":439,"column":30}},"type":"binary-expr","locations":[{"start":{"line":439,"column":10},"end":{"line":439,"column":24}},{"start":{"line":439,"column":28},"end":{"line":439,"column":30}}],"line":439},"45":{"loc":{"start":{"line":440,"column":17},"end":{"line":440,"column":45}},"type":"binary-expr","locations":[{"start":{"line":440,"column":17},"end":{"line":440,"column":38}},{"start":{"line":440,"column":42},"end":{"line":440,"column":45}}],"line":440},"46":{"loc":{"start":{"line":441,"column":22},"end":{"line":441,"column":54}},"type":"binary-expr","locations":[{"start":{"line":441,"column":22},"end":{"line":441,"column":48}},{"start":{"line":441,"column":52},"end":{"line":441,"column":54}}],"line":441},"47":{"loc":{"start":{"line":442,"column":17},"end":{"line":442,"column":46}},"type":"binary-expr","locations":[{"start":{"line":442,"column":17},"end":{"line":442,"column":38}},{"start":{"line":442,"column":42},"end":{"line":442,"column":46}}],"line":442},"48":{"loc":{"start":{"line":444,"column":14},"end":{"line":444,"column":81}},"type":"cond-expr","locations":[{"start":{"line":444,"column":28},"end":{"line":444,"column":74}},{"start":{"line":444,"column":77},"end":{"line":444,"column":81}}],"line":444}},"s":{"0":1,"1":0,"2":0,"3":0,"4":0,"5":0,"6":0,"7":0,"8":0,"9":0,"10":0,"11":0,"12":0,"13":0,"14":0,"15":0,"16":0,"17":0,"18":0,"19":0,"20":0,"21":0,"22":0,"23":0,"24":0,"25":0,"26":0,"27":0,"28":0,"29":0,"30":0,"31":0,"32":0,"33":0,"34":0,"35":0,"36":0,"37":0,"38":0,"39":0,"40":0,"41":0,"42":0,"43":0,"44":0,"45":0,"46":0,"47":0,"48":0,"49":0,"50":0,"51":0,"52":0,"53":0,"54":0,"55":0,"56":0,"57":0,"58":0,"59":0,"60":0,"61":0,"62":0,"63":0,"64":0,"65":0,"66":0,"67":0,"68":0,"69":0,"70":0,"71":0,"72":0,"73":0,"74":0,"75":0,"76":0,"77":0,"78":0,"79":3,"80":3,"81":2,"82":2,"83":2,"84":1,"85":1,"86":1,"87":1,"88":4,"89":4,"90":2,"91":2,"92":1,"93":1,"94":1,"95":3,"96":1,"97":1,"98":1,"99":1,"100":0,"101":1,"102":1,"103":0,"104":1,"105":1,"106":1,"107":1,"108":0},"f":{"0":0,"1":0,"2":0,"3":0,"4":0,"5":0,"6":0,"7":0,"8":0,"9":0,"10":0,"11":0,"12":0,"13":0,"14":0,"15":0,"16":0,"17":0,"18":0,"19":0,"20":0,"21":0,"22":0,"23":0,"24":0,"25":3,"26":2,"27":1,"28":4,"29":2,"30":1,"31":3,"32":1,"33":1,"34":1,"35":0},"b":{"0":[0,0],"1":[0,0],"2":[0,0],"3":[0,0],"4":[0,0],"5":[0,0],"6":[0,0],"7":[0,0],"8":[0,0],"9":[0,0,0],"10":[0,0],"11":[0,0],"12":[0,0],"13":[0,0],"14":[0,0],"15":[0,0],"16":[0,0],"17":[0,0],"18":[0,0],"19":[0,0],"20":[0,0],"21":[0,0],"22":[0,0],"23":[0,0],"24":[0,0],"25":[0,0],"26":[0,0],"27":[0,0],"28":[0,0],"29":[1,1],"30":[1,0],"31":[1,1],"32":[3,2],"33":[1,0],"34":[0,1],"35":[1,0],"36":[1,1,0],"37":[1,0],"38":[1,0],"39":[0,0],"40":[0,0],"41":[0,0],"42":[0,0],"43":[0,0],"44":[0,0],"45":[0,0],"46":[0,0],"47":[0,0],"48":[0,0]},"_coverageSchema":"1a1c01bbd47fc00a2c39e90264f33305004495a9","hash":"7cfc2edff2116cf30911fe7530e01c65bf4ffb14"}
,"C:\\Users\\Denny\\3D Objects\\APPS\\Educore\\eScholr\\lib\\grading.ts": {"path":"C:\\Users\\Denny\\3D Objects\\APPS\\Educore\\eScholr\\lib\\grading.ts","statementMap":{"0":{"start":{"line":31,"column":49},"end":{"line":39,"column":1}},"1":{"start":{"line":43,"column":2},"end":{"line":43,"column":33}},"2":{"start":{"line":51,"column":18},"end":{"line":51,"column":66}},"3":{"start":{"line":52,"column":2},"end":{"line":54,"column":3}},"4":{"start":{"line":53,"column":4},"end":{"line":53,"column":62}},"5":{"start":{"line":53,"column":46},"end":{"line":53,"column":62}},"6":{"start":{"line":55,"column":2},"end":{"line":55,"column":13}},"7":{"start":{"line":62,"column":2},"end":{"line":62,"column":108}},"8":{"start":{"line":62,"column":38},"end":{"line":62,"column":57}},"9":{"start":{"line":74,"column":34},"end":{"line":74,"column":38}},"10":{"start":{"line":75,"column":20},"end":{"line":75,"column":21}},"11":{"start":{"line":76,"column":20},"end":{"line":76,"column":21}},"12":{"start":{"line":78,"column":2},"end":{"line":78,"column":72}},"13":{"start":{"line":78,"column":27},"end":{"line":78,"column":45}},"14":{"start":{"line":78,"column":46},"end":{"line":78,"column":70}},"15":{"start":{"line":79,"column":2},"end":{"line":79,"column":72}},"16":{"start":{"line":79,"column":27},"end":{"line":79,"column":45}},"17":{"start":{"line":79,"column":46},"end":{"line":79,"column":70}},"18":{"start":{"line":80,"column":2},"end":{"line":80,"column":78}},"19":{"start":{"line":80,"column":27},"end":{"line":80,"column":45}},"20":{"start":{"line":80,"column":46},"end":{"line":80,"column":76}},"21":{"start":{"line":82,"column":2},"end":{"line":82,"column":37}},"22":{"start":{"line":82,"column":25},"end":{"line":82,"column":37}},"23":{"start":{"line":83,"column":2},"end":{"line":83,"column":48}},"24":{"start":{"line":90,"column":2},"end":{"line":90,"column":37}},"25":{"start":{"line":90,"column":25},"end":{"line":90,"column":37}},"26":{"start":{"line":91,"column":2},"end":{"line":91,"column":32}},"27":{"start":{"line":99,"column":15},"end":{"line":99,"column":40}},"28":{"start":{"line":100,"column":2},"end":{"line":100,"column":110}},"29":{"start":{"line":107,"column":12},"end":{"line":107,"column":32}},"30":{"start":{"line":108,"column":2},"end":{"line":108,"column":28}},"31":{"start":{"line":108,"column":15},"end":{"line":108,"column":28}},"32":{"start":{"line":109,"column":2},"end":{"line":109,"column":28}},"33":{"start":{"line":109,"column":15},"end":{"line":109,"column":28}},"34":{"start":{"line":110,"column":2},"end":{"line":110,"column":15}},"35":{"start":{"line":114,"column":58},"end":{"line":118,"column":1}},"36":{"start":{"line":127,"column":43},"end":{"line":127,"column":47}},"37":{"start":{"line":128,"column":18},"end":{"line":130,"column":55}},"38":{"start":{"line":132,"column":2},"end":{"line":132,"column":62}},"39":{"start":{"line":132,"column":23},"end":{"line":132,"column":62}},"40":{"start":{"line":133,"column":2},"end":{"line":133,"column":55}}},"fnMap":{"0":{"name":"roundHalfUp","decl":{"start":{"line":42,"column":16},"end":{"line":42,"column":27}},"loc":{"start":{"line":42,"column":51},"end":{"line":44,"column":1}},"line":42},"1":{"name":"percentToLetter","decl":{"start":{"line":50,"column":16},"end":{"line":50,"column":31}},"loc":{"start":{"line":50,"column":62},"end":{"line":56,"column":1}},"line":50},"2":{"name":"getBoundary","decl":{"start":{"line":61,"column":16},"end":{"line":61,"column":27}},"loc":{"start":{"line":61,"column":64},"end":{"line":63,"column":1}},"line":61},"3":{"name":"(anonymous_3)","decl":{"start":{"line":62,"column":31},"end":{"line":62,"column":32}},"loc":{"start":{"line":62,"column":38},"end":{"line":62,"column":57}},"line":62},"4":{"name":"calculateWeightedPercent","decl":{"start":{"line":69,"column":16},"end":{"line":69,"column":40}},"loc":{"start":{"line":73,"column":18},"end":{"line":84,"column":1}},"line":73},"5":{"name":"calculateIGCSEPercent","decl":{"start":{"line":89,"column":16},"end":{"line":89,"column":37}},"loc":{"start":{"line":89,"column":79},"end":{"line":92,"column":1}},"line":89},"6":{"name":"isIGCSESection","decl":{"start":{"line":98,"column":16},"end":{"line":98,"column":30}},"loc":{"start":{"line":98,"column":61},"end":{"line":101,"column":1}},"line":98},"7":{"name":"percentToDevScale","decl":{"start":{"line":106,"column":16},"end":{"line":106,"column":33}},"loc":{"start":{"line":106,"column":61},"end":{"line":111,"column":1}},"line":106},"8":{"name":"gradeStudent","decl":{"start":{"line":121,"column":16},"end":{"line":121,"column":28}},"loc":{"start":{"line":126,"column":59},"end":{"line":134,"column":1}},"line":126}},"branchMap":{"0":{"loc":{"start":{"line":53,"column":4},"end":{"line":53,"column":62}},"type":"if","locations":[{"start":{"line":53,"column":4},"end":{"line":53,"column":62}},{"start":{},"end":{}}],"line":53},"1":{"loc":{"start":{"line":53,"column":8},"end":{"line":53,"column":44}},"type":"binary-expr","locations":[{"start":{"line":53,"column":8},"end":{"line":53,"column":24}},{"start":{"line":53,"column":28},"end":{"line":53,"column":44}}],"line":53},"2":{"loc":{"start":{"line":62,"column":9},"end":{"line":62,"column":107}},"type":"binary-expr","locations":[{"start":{"line":62,"column":9},"end":{"line":62,"column":58}},{"start":{"line":62,"column":62},"end":{"line":62,"column":107}}],"line":62},"3":{"loc":{"start":{"line":78,"column":2},"end":{"line":78,"column":72}},"type":"if","locations":[{"start":{"line":78,"column":2},"end":{"line":78,"column":72}},{"start":{},"end":{}}],"line":78},"4":{"loc":{"start":{"line":79,"column":2},"end":{"line":79,"column":72}},"type":"if","locations":[{"start":{"line":79,"column":2},"end":{"line":79,"column":72}},{"start":{},"end":{}}],"line":79},"5":{"loc":{"start":{"line":80,"column":2},"end":{"line":80,"column":78}},"type":"if","locations":[{"start":{"line":80,"column":2},"end":{"line":80,"column":78}},{"start":{},"end":{}}],"line":80},"6":{"loc":{"start":{"line":82,"column":2},"end":{"line":82,"column":37}},"type":"if","locations":[{"start":{"line":82,"column":2},"end":{"line":82,"column":37}},{"start":{},"end":{}}],"line":82},"7":{"loc":{"start":{"line":90,"column":2},"end":{"line":90,"column":37}},"type":"if","locations":[{"start":{"line":90,"column":2},"end":{"line":90,"column":37}},{"start":{},"end":{}}],"line":90},"8":{"loc":{"start":{"line":100,"column":9},"end":{"line":100,"column":109}},"type":"binary-expr","locations":[{"start":{"line":100,"column":9},"end":{"line":100,"column":31}},{"start":{"line":100,"column":35},"end":{"line":100,"column":54}},{"start":{"line":100,"column":58},"end":{"line":100,"column":82}},{"start":{"line":100,"column":86},"end":{"line":100,"column":109}}],"line":100},"9":{"loc":{"start":{"line":108,"column":2},"end":{"line":108,"column":28}},"type":"if","locations":[{"start":{"line":108,"column":2},"end":{"line":108,"column":28}},{"start":{},"end":{}}],"line":108},"10":{"loc":{"start":{"line":109,"column":2},"end":{"line":109,"column":28}},"type":"if","locations":[{"start":{"line":109,"column":2},"end":{"line":109,"column":28}},{"start":{},"end":{}}],"line":109},"11":{"loc":{"start":{"line":128,"column":18},"end":{"line":130,"column":55}},"type":"cond-expr","locations":[{"start":{"line":129,"column":6},"end":{"line":129,"column":46}},{"start":{"line":130,"column":6},"end":{"line":130,"column":55}}],"line":128},"12":{"loc":{"start":{"line":129,"column":28},"end":{"line":129,"column":45}},"type":"binary-expr","locations":[{"start":{"line":129,"column":28},"end":{"line":129,"column":37}},{"start":{"line":129,"column":41},"end":{"line":129,"column":45}}],"line":129},"13":{"loc":{"start":{"line":132,"column":2},"end":{"line":132,"column":62}},"type":"if","locations":[{"start":{"line":132,"column":2},"end":{"line":132,"column":62}},{"start":{},"end":{}}],"line":132}},"s":{"0":1,"1":38,"2":21,"3":21,"4":78,"5":21,"6":0,"7":2,"8":8,"9":8,"10":8,"11":8,"12":8,"13":4,"14":4,"15":8,"16":2,"17":2,"18":8,"19":4,"20":4,"21":8,"22":3,"23":5,"24":3,"25":1,"26":2,"27":9,"28":9,"29":5,"30":5,"31":1,"32":4,"33":2,"34":2,"35":1,"36":3,"37":3,"38":3,"39":1,"40":2},"f":{"0":38,"1":21,"2":2,"3":8,"4":8,"5":3,"6":9,"7":5,"8":3},"b":{"0":[21,57],"1":[78,21],"2":[2,0],"3":[4,4],"4":[2,6],"5":[4,4],"6":[3,5],"7":[1,2],"8":[9,7,6,5],"9":[1,4],"10":[2,2],"11":[1,2],"12":[1,0],"13":[1,2]},"_coverageSchema":"1a1c01bbd47fc00a2c39e90264f33305004495a9","hash":"c41951aa07c40b81823ab62dda1b9bda127b8b75"}
,"C:\\Users\\Denny\\3D Objects\\APPS\\Educore\\eScholr\\stores\\authStore.ts": {"path":"C:\\Users\\Denny\\3D Objects\\APPS\\Educore\\eScholr\\stores\\authStore.ts","statementMap":{"0":{"start":{"line":6,"column":29},"end":{"line":6,"column":55}},"1":{"start":{"line":34,"column":28},"end":{"line":69,"column":3}},"2":{"start":{"line":34,"column":56},"end":{"line":69,"column":1}},"3":{"start":{"line":39,"column":21},"end":{"line":39,"column":34}},"4":{"start":{"line":41,"column":4},"end":{"line":41,"column":20}},"5":{"start":{"line":42,"column":4},"end":{"line":44,"column":5}},"6":{"start":{"line":43,"column":6},"end":{"line":43,"column":93}},"7":{"start":{"line":46,"column":29},"end":{"line":46,"column":47}},"8":{"start":{"line":47,"column":25},"end":{"line":47,"column":41}},"9":{"start":{"line":49,"column":4},"end":{"line":51,"column":7}},"10":{"start":{"line":49,"column":16},"end":{"line":51,"column":5}},"11":{"start":{"line":53,"column":4},"end":{"line":60,"column":14}},"12":{"start":{"line":54,"column":18},"end":{"line":54,"column":70}},"13":{"start":{"line":55,"column":6},"end":{"line":59,"column":7}},"14":{"start":{"line":56,"column":23},"end":{"line":56,"column":48}},"15":{"start":{"line":57,"column":8},"end":{"line":57,"column":24}},"16":{"start":{"line":58,"column":8},"end":{"line":58,"column":22}},"17":{"start":{"line":61,"column":4},"end":{"line":61,"column":16}},"18":{"start":{"line":64,"column":4},"end":{"line":64,"column":34}},"19":{"start":{"line":65,"column":4},"end":{"line":65,"column":38}}},"fnMap":{"0":{"name":"(anonymous_0)","decl":{"start":{"line":34,"column":46},"end":{"line":34,"column":47}},"loc":{"start":{"line":34,"column":56},"end":{"line":69,"column":1}},"line":34},"1":{"name":"(anonymous_1)","decl":{"start":{"line":39,"column":11},"end":{"line":39,"column":12}},"loc":{"start":{"line":39,"column":21},"end":{"line":39,"column":34}},"line":39},"2":{"name":"(anonymous_2)","decl":{"start":{"line":40,"column":13},"end":{"line":40,"column":14}},"loc":{"start":{"line":40,"column":25},"end":{"line":45,"column":3}},"line":40},"3":{"name":"(anonymous_3)","decl":{"start":{"line":43,"column":83},"end":{"line":43,"column":84}},"loc":{"start":{"line":43,"column":89},"end":{"line":43,"column":91}},"line":43},"4":{"name":"(anonymous_4)","decl":{"start":{"line":46,"column":14},"end":{"line":46,"column":15}},"loc":{"start":{"line":46,"column":29},"end":{"line":46,"column":47}},"line":46},"5":{"name":"(anonymous_5)","decl":{"start":{"line":47,"column":12},"end":{"line":47,"column":13}},"loc":{"start":{"line":47,"column":25},"end":{"line":47,"column":41}},"line":47},"6":{"name":"(anonymous_6)","decl":{"start":{"line":48,"column":14},"end":{"line":48,"column":15}},"loc":{"start":{"line":49,"column":4},"end":{"line":51,"column":7}},"line":49},"7":{"name":"(anonymous_7)","decl":{"start":{"line":49,"column":8},"end":{"line":49,"column":9}},"loc":{"start":{"line":49,"column":16},"end":{"line":51,"column":5}},"line":49},"8":{"name":"(anonymous_8)","decl":{"start":{"line":52,"column":23},"end":{"line":52,"column":24}},"loc":{"start":{"line":52,"column":35},"end":{"line":62,"column":3}},"line":52},"9":{"name":"(anonymous_9)","decl":{"start":{"line":63,"column":11},"end":{"line":63,"column":12}},"loc":{"start":{"line":63,"column":23},"end":{"line":68,"column":3}},"line":63}},"branchMap":{"0":{"loc":{"start":{"line":42,"column":4},"end":{"line":44,"column":5}},"type":"if","locations":[{"start":{"line":42,"column":4},"end":{"line":44,"column":5}},{"start":{},"end":{}}],"line":42},"1":{"loc":{"start":{"line":50,"column":12},"end":{"line":50,"column":59}},"type":"cond-expr","locations":[{"start":{"line":50,"column":21},"end":{"line":50,"column":52}},{"start":{"line":50,"column":55},"end":{"line":50,"column":59}}],"line":50},"2":{"loc":{"start":{"line":55,"column":6},"end":{"line":59,"column":7}},"type":"if","locations":[{"start":{"line":55,"column":6},"end":{"line":59,"column":7}},{"start":{},"end":{}}],"line":55}},"s":{"0":1,"1":1,"2":1,"3":4,"4":2,"5":2,"6":2,"7":2,"8":1,"9":2,"10":2,"11":3,"12":3,"13":3,"14":2,"15":1,"16":1,"17":2,"18":1,"19":1},"f":{"0":1,"1":4,"2":2,"3":0,"4":2,"5":1,"6":2,"7":2,"8":3,"9":1},"b":{"0":[2,0],"1":[2,0],"2":[2,1]},"_coverageSchema":"1a1c01bbd47fc00a2c39e90264f33305004495a9","hash":"284036f861984f88e29fc8535fa1ba706a67cd5d"}
}
