TN:
SF:hooks\useAnnouncements.ts
FN:44,useAnnouncements
FN:49,(anonymous_1)
FN:61,useAnnouncementFeed
FN:66,(anonymous_3)
FN:74,(anonymous_4)
FN:83,useReadAnnouncements
FN:88,(anonymous_6)
FN:94,(anonymous_7)
FN:101,useCreateAnnouncement
FN:104,(anonymous_9)
FN:122,(anonymous_10)
FN:129,useDeleteAnnouncement
FN:132,(anonymous_12)
FN:136,(anonymous_13)
FN:143,useMarkAnnouncementRead
FN:146,(anonymous_15)
FN:153,(anonymous_16)
FN:161,sendAnnouncementPush
FN:188,(anonymous_18)
FN:188,(anonymous_19)
FNF:20
FNH:3
FNDA:0,useAnnouncements
FNDA:0,(anonymous_1)
FNDA:0,useAnnouncementFeed
FNDA:0,(anonymous_3)
FNDA:0,(anonymous_4)
FNDA:0,useReadAnnouncements
FNDA:0,(anonymous_6)
FNDA:0,(anonymous_7)
FNDA:5,useCreateAnnouncement
FNDA:3,(anonymous_9)
FNDA:2,(anonymous_10)
FNDA:0,useDeleteAnnouncement
FNDA:0,(anonymous_12)
FNDA:0,(anonymous_13)
FNDA:0,useMarkAnnouncementRead
FNDA:0,(anonymous_15)
FNDA:0,(anonymous_16)
FNDA:0,sendAnnouncementPush
FNDA:0,(anonymous_18)
FNDA:0,(anonymous_19)
DA:4,1
DA:45,0
DA:50,0
DA:54,0
DA:55,0
DA:62,0
DA:67,0
DA:71,0
DA:72,0
DA:73,0
DA:74,0
DA:75,0
DA:76,0
DA:77,0
DA:84,0
DA:89,0
DA:93,0
DA:94,0
DA:102,5
DA:103,5
DA:105,3
DA:120,3
DA:123,2
DA:124,2
DA:130,0
DA:131,0
DA:133,0
DA:134,0
DA:137,0
DA:138,0
DA:144,0
DA:145,0
DA:147,0
DA:151,0
DA:154,0
DA:172,0
DA:176,0
LF:37
LH:7
BRDA:54,0,0,0
BRDA:54,0,1,0
BRDA:55,1,0,0
BRDA:55,1,1,0
BRDA:71,2,0,0
BRDA:71,2,1,0
BRDA:72,3,0,0
BRDA:72,3,1,0
BRDA:73,4,0,0
BRDA:73,4,1,0
BRDA:75,5,0,0
BRDA:75,5,1,0
BRDA:76,6,0,0
BRDA:76,6,1,0
BRDA:93,7,0,0
BRDA:93,7,1,0
BRDA:94,8,0,0
BRDA:94,8,1,0
BRDA:111,9,0,3
BRDA:111,9,1,3
BRDA:112,10,0,3
BRDA:112,10,1,2
BRDA:113,11,0,3
BRDA:113,11,1,3
BRDA:114,12,0,3
BRDA:114,12,1,3
BRDA:115,13,0,3
BRDA:115,13,1,3
BRDA:116,14,0,3
BRDA:116,14,1,3
BRDA:120,15,0,1
BRDA:120,15,1,2
BRDA:134,16,0,0
BRDA:134,16,1,0
BRDA:151,17,0,0
BRDA:151,17,1,0
BRDA:172,18,0,0
BRDA:172,18,1,0
BRDA:173,19,0,0
BRDA:173,19,1,0
BRDA:174,20,0,0
BRDA:174,20,1,0
BRDA:180,21,0,0
BRDA:180,21,1,0
BRDA:181,22,0,0
BRDA:181,22,1,0
BRDA:182,23,0,0
BRDA:182,23,1,0
BRDA:186,24,0,0
BRDA:186,24,1,0
BRF:50
BRH:14
end_of_record
TN:
SF:hooks\useReports.ts
FN:55,useHRTStreamReports
FN:60,(anonymous_1)
FN:78,(anonymous_2)
FN:103,useReportVersions
FN:108,(anonymous_4)
FN:120,useMarksCompletionForStream
FN:129,(anonymous_6)
FN:152,(anonymous_7)
FN:156,(anonymous_8)
FN:167,useAdminReports
FN:172,(anonymous_10)
FN:190,useAdminReportCounts
FN:195,(anonymous_12)
FN:202,(anonymous_13)
FN:212,useParentReports
FN:217,(anonymous_15)
FN:223,(anonymous_16)
FN:243,useGenerateReportPDF
FN:246,(anonymous_18)
FN:253,(anonymous_19)
FN:257,useApproveReport
FN:260,(anonymous_21)
FN:305,(anonymous_22)
FN:305,(anonymous_23)
FN:307,(anonymous_24)
FN:314,useAdminApproveReport
FN:317,(anonymous_26)
FN:346,(anonymous_27)
FN:350,useReleaseReports
FN:353,(anonymous_29)
FN:359,(anonymous_30)
FN:376,useReportAuditLog
FN:385,(anonymous_32)
FN:411,(anonymous_33)
FN:415,(anonymous_34)
FN:428,normaliseReport
FNF:36
FNH:10
FNDA:0,useHRTStreamReports
FNDA:0,(anonymous_1)
FNDA:0,(anonymous_2)
FNDA:0,useReportVersions
FNDA:0,(anonymous_4)
FNDA:0,useMarksCompletionForStream
FNDA:0,(anonymous_6)
FNDA:0,(anonymous_7)
FNDA:0,(anonymous_8)
FNDA:0,useAdminReports
FNDA:0,(anonymous_10)
FNDA:0,useAdminReportCounts
FNDA:0,(anonymous_12)
FNDA:0,(anonymous_13)
FNDA:0,useParentReports
FNDA:0,(anonymous_15)
FNDA:0,(anonymous_16)
FNDA:0,useGenerateReportPDF
FNDA:0,(anonymous_18)
FNDA:0,(anonymous_19)
FNDA:0,useApproveReport
FNDA:0,(anonymous_21)
FNDA:0,(anonymous_22)
FNDA:0,(anonymous_23)
FNDA:0,(anonymous_24)
FNDA:3,useAdminApproveReport
FNDA:2,(anonymous_26)
FNDA:1,(anonymous_27)
FNDA:4,useReleaseReports
FNDA:2,(anonymous_29)
FNDA:1,(anonymous_30)
FNDA:3,useReportAuditLog
FNDA:1,(anonymous_32)
FNDA:1,(anonymous_33)
FNDA:1,(anonymous_34)
FNDA:0,normaliseReport
DA:44,1
DA:56,0
DA:61,0
DA:62,0
DA:69,0
DA:71,0
DA:72,0
DA:78,0
DA:79,0
DA:80,0
DA:83,0
DA:92,0
DA:93,0
DA:104,0
DA:109,0
DA:110,0
DA:115,0
DA:125,0
DA:130,0
DA:131,0
DA:149,0
DA:150,0
DA:151,0
DA:152,0
DA:153,0
DA:154,0
DA:156,0
DA:168,0
DA:173,0
DA:174,0
DA:182,0
DA:183,0
DA:184,0
DA:185,0
DA:191,0
DA:196,0
DA:197,0
DA:201,0
DA:202,0
DA:203,0
DA:205,0
DA:213,0
DA:218,0
DA:219,0
DA:223,0
DA:224,0
DA:226,0
DA:235,0
DA:236,0
DA:244,0
DA:245,0
DA:247,0
DA:250,0
DA:251,0
DA:253,0
DA:258,0
DA:259,0
DA:265,0
DA:268,0
DA:277,0
DA:280,0
DA:286,0
DA:288,0
DA:295,0
DA:303,0
DA:308,0
DA:309,0
DA:315,3
DA:316,3
DA:318,2
DA:319,2
DA:329,2
DA:332,1
DA:338,1
DA:346,1
DA:351,4
DA:352,4
DA:354,2
DA:357,2
DA:360,1
DA:361,1
DA:381,3
DA:386,1
DA:389,1
DA:401,1
DA:402,1
DA:404,0
DA:407,1
DA:408,1
DA:411,1
DA:412,1
DA:415,1
DA:429,0
LF:93
LH:25
BRDA:58,0,0,0
BRDA:58,0,1,0
BRDA:69,1,0,0
BRDA:69,1,1,0
BRDA:78,2,0,0
BRDA:78,2,1,0
BRDA:79,3,0,0
BRDA:79,3,1,0
BRDA:80,4,0,0
BRDA:80,4,1,0
BRDA:92,5,0,0
BRDA:92,5,1,0
BRDA:94,6,0,0
BRDA:94,6,1,0
BRDA:97,7,0,0
BRDA:97,7,1,0
BRDA:115,8,0,0
BRDA:115,8,1,0
BRDA:127,9,0,0
BRDA:127,9,1,0
BRDA:127,9,2,0
BRDA:149,10,0,0
BRDA:149,10,1,0
BRDA:150,11,0,0
BRDA:150,11,1,0
BRDA:152,12,0,0
BRDA:152,12,1,0
BRDA:153,13,0,0
BRDA:153,13,1,0
BRDA:157,14,0,0
BRDA:157,14,1,0
BRDA:158,15,0,0
BRDA:158,15,1,0
BRDA:182,16,0,0
BRDA:182,16,1,0
BRDA:184,17,0,0
BRDA:184,17,1,0
BRDA:185,18,0,0
BRDA:185,18,1,0
BRDA:202,19,0,0
BRDA:202,19,1,0
BRDA:203,20,0,0
BRDA:203,20,1,0
BRDA:215,21,0,0
BRDA:215,21,1,0
BRDA:223,22,0,0
BRDA:223,22,1,0
BRDA:224,23,0,0
BRDA:224,23,1,0
BRDA:235,24,0,0
BRDA:235,24,1,0
BRDA:236,25,0,0
BRDA:236,25,1,0
BRDA:250,26,0,0
BRDA:250,26,1,0
BRDA:277,27,0,0
BRDA:277,27,1,0
BRDA:286,28,0,0
BRDA:286,28,1,0
BRDA:329,29,0,1
BRDA:329,29,1,1
BRDA:342,30,0,1
BRDA:342,30,1,0
BRDA:357,31,0,1
BRDA:357,31,1,1
BRDA:383,32,0,3
BRDA:383,32,1,2
BRDA:401,33,0,1
BRDA:401,33,1,0
BRDA:408,34,0,0
BRDA:408,34,1,1
BRDA:411,35,0,1
BRDA:411,35,1,0
BRDA:412,36,0,1
BRDA:412,36,1,1
BRDA:412,36,2,0
BRDA:418,37,0,1
BRDA:418,37,1,0
BRDA:420,38,0,1
BRDA:420,38,1,0
BRDA:432,39,0,0
BRDA:432,39,1,0
BRDA:433,40,0,0
BRDA:433,40,1,0
BRDA:434,41,0,0
BRDA:434,41,1,0
BRDA:435,42,0,0
BRDA:435,42,1,0
BRDA:436,43,0,0
BRDA:436,43,1,0
BRDA:439,44,0,0
BRDA:439,44,1,0
BRDA:440,45,0,0
BRDA:440,45,1,0
BRDA:441,46,0,0
BRDA:441,46,1,0
BRDA:442,47,0,0
BRDA:442,47,1,0
BRDA:444,48,0,0
BRDA:444,48,1,0
BRF:100
BRH:14
end_of_record
TN:
SF:lib\grading.ts
FN:42,roundHalfUp
FN:50,percentToLetter
FN:61,getBoundary
FN:62,(anonymous_3)
FN:69,calculateWeightedPercent
FN:89,calculateIGCSEPercent
FN:98,isIGCSESection
FN:106,percentToDevScale
FN:121,gradeStudent
FNF:9
FNH:9
FNDA:38,roundHalfUp
FNDA:21,percentToLetter
FNDA:2,getBoundary
FNDA:8,(anonymous_3)
FNDA:8,calculateWeightedPercent
FNDA:3,calculateIGCSEPercent
FNDA:9,isIGCSESection
FNDA:5,percentToDevScale
FNDA:3,gradeStudent
DA:31,1
DA:43,38
DA:51,21
DA:52,21
DA:53,78
DA:55,0
DA:62,8
DA:74,8
DA:75,8
DA:76,8
DA:78,8
DA:79,8
DA:80,8
DA:82,8
DA:83,5
DA:90,3
DA:91,2
DA:99,9
DA:100,9
DA:107,5
DA:108,5
DA:109,4
DA:110,2
DA:114,1
DA:127,3
DA:128,3
DA:132,3
DA:133,2
LF:28
LH:27
BRDA:53,0,0,21
BRDA:53,0,1,57
BRDA:53,1,0,78
BRDA:53,1,1,21
BRDA:62,2,0,2
BRDA:62,2,1,0
BRDA:78,3,0,4
BRDA:78,3,1,4
BRDA:79,4,0,2
BRDA:79,4,1,6
BRDA:80,5,0,4
BRDA:80,5,1,4
BRDA:82,6,0,3
BRDA:82,6,1,5
BRDA:90,7,0,1
BRDA:90,7,1,2
BRDA:100,8,0,9
BRDA:100,8,1,7
BRDA:100,8,2,6
BRDA:100,8,3,5
BRDA:108,9,0,1
BRDA:108,9,1,4
BRDA:109,10,0,2
BRDA:109,10,1,2
BRDA:128,11,0,1
BRDA:128,11,1,2
BRDA:129,12,0,1
BRDA:129,12,1,0
BRDA:132,13,0,1
BRDA:132,13,1,2
BRF:30
BRH:28
end_of_record
TN:
SF:stores\authStore.ts
FN:34,(anonymous_0)
FN:39,(anonymous_1)
FN:40,(anonymous_2)
FN:43,(anonymous_3)
FN:46,(anonymous_4)
FN:47,(anonymous_5)
FN:48,(anonymous_6)
FN:49,(anonymous_7)
FN:52,(anonymous_8)
FN:63,(anonymous_9)
FNF:10
FNH:9
FNDA:1,(anonymous_0)
FNDA:4,(anonymous_1)
FNDA:2,(anonymous_2)
FNDA:0,(anonymous_3)
FNDA:2,(anonymous_4)
FNDA:1,(anonymous_5)
FNDA:2,(anonymous_6)
FNDA:2,(anonymous_7)
FNDA:3,(anonymous_8)
FNDA:1,(anonymous_9)
DA:6,1
DA:34,1
DA:39,4
DA:41,2
DA:42,2
DA:43,2
DA:46,2
DA:47,1
DA:49,2
DA:53,3
DA:54,3
DA:55,3
DA:56,2
DA:57,1
DA:58,1
DA:61,2
DA:64,1
DA:65,1
LF:18
LH:18
BRDA:42,0,0,2
BRDA:42,0,1,0
BRDA:50,1,0,2
BRDA:50,1,1,0
BRDA:55,2,0,2
BRDA:55,2,1,1
BRF:6
BRH:4
end_of_record
